<?xml version="1.0" encoding="UTF-8"?>
<testng-results ignored="0" total="7" passed="7" failed="0" skipped="0">
  <reporter-output>
  </reporter-output>
  <suite started-at="2025-04-18T11:19:23 EDT" name="Default suite" finished-at="2025-04-18T11:19:47 EDT" duration-ms="24401">
    <groups>
      <group name="cucumber">
        <method signature="AbstractTestNGCucumberTests.runScenario(io.cucumber.testng.PickleWrapper,io.cucumber.testng.FeatureWrapper)[pri:0, instance:testRunner.TestRunner@37911f88]" name="runScenario" class="io.cucumber.testng.AbstractTestNGCucumberTests"/>
      </group> <!-- cucumber -->
    </groups>
    <test started-at="2025-04-18T11:19:23 EDT" name="Default test" finished-at="2025-04-18T11:19:47 EDT" duration-ms="24401">
      <class name="testRunner.TestRunner">
        <test-method is-config="true" signature="setUpClass(org.testng.ITestContext)[pri:0, instance:testRunner.TestRunner@37911f88]" started-at="2025-04-18T11:19:23 EDT" name="setUpClass" finished-at="2025-04-18T11:19:23 EDT" duration-ms="402" status="PASS">
          <params>
            <param index="0">
              <value>
                <![CDATA[org.testng.TestRunner@2e7af36e]]>
              </value>
            </param>
          </params>
          <reporter-output>
          </reporter-output>
        </test-method> <!-- setUpClass -->
        <test-method signature="runScenario(io.cucumber.testng.PickleWrapper,io.cucumber.testng.FeatureWrapper)[pri:0, instance:testRunner.TestRunner@37911f88]" started-at="2025-04-18T11:19:23 EDT" name="runScenario" description="Runs Cucumber Scenarios" data-provider="scenarios" finished-at="2025-04-18T11:19:26 EDT" duration-ms="3353" status="PASS">
          <params>
            <param index="0">
              <value>
                <![CDATA["User redirected to "data-structures-introduction" page from "Data-Structures-Introduction" panel"]]>
              </value>
            </param>
            <param index="1">
              <value>
                <![CDATA["DSOptions"]]>
              </value>
            </param>
          </params>
          <reporter-output>
          </reporter-output>
        </test-method> <!-- runScenario -->
        <test-method signature="runScenario(io.cucumber.testng.PickleWrapper,io.cucumber.testng.FeatureWrapper)[pri:0, instance:testRunner.TestRunner@37911f88]" started-at="2025-04-18T11:19:26 EDT" name="runScenario" description="Runs Cucumber Scenarios" data-provider="scenarios" finished-at="2025-04-18T11:19:30 EDT" duration-ms="3608" status="PASS">
          <params>
            <param index="0">
              <value>
                <![CDATA["User redirected to "array" page from "Array" panel"]]>
              </value>
            </param>
            <param index="1">
              <value>
                <![CDATA["DSOptions"]]>
              </value>
            </param>
          </params>
          <reporter-output>
          </reporter-output>
        </test-method> <!-- runScenario -->
        <test-method signature="runScenario(io.cucumber.testng.PickleWrapper,io.cucumber.testng.FeatureWrapper)[pri:0, instance:testRunner.TestRunner@37911f88]" started-at="2025-04-18T11:19:30 EDT" name="runScenario" description="Runs Cucumber Scenarios" data-provider="scenarios" finished-at="2025-04-18T11:19:33 EDT" duration-ms="3392" status="PASS">
          <params>
            <param index="0">
              <value>
                <![CDATA["User redirected to "linked-list" page from "Linked-List" panel"]]>
              </value>
            </param>
            <param index="1">
              <value>
                <![CDATA["DSOptions"]]>
              </value>
            </param>
          </params>
          <reporter-output>
          </reporter-output>
        </test-method> <!-- runScenario -->
        <test-method signature="runScenario(io.cucumber.testng.PickleWrapper,io.cucumber.testng.FeatureWrapper)[pri:0, instance:testRunner.TestRunner@37911f88]" started-at="2025-04-18T11:19:33 EDT" name="runScenario" description="Runs Cucumber Scenarios" data-provider="scenarios" finished-at="2025-04-18T11:19:37 EDT" duration-ms="3341" status="PASS">
          <params>
            <param index="0">
              <value>
                <![CDATA["User redirected to "stack" page from "Stack" panel"]]>
              </value>
            </param>
            <param index="1">
              <value>
                <![CDATA["DSOptions"]]>
              </value>
            </param>
          </params>
          <reporter-output>
          </reporter-output>
        </test-method> <!-- runScenario -->
        <test-method signature="runScenario(io.cucumber.testng.PickleWrapper,io.cucumber.testng.FeatureWrapper)[pri:0, instance:testRunner.TestRunner@37911f88]" started-at="2025-04-18T11:19:37 EDT" name="runScenario" description="Runs Cucumber Scenarios" data-provider="scenarios" finished-at="2025-04-18T11:19:40 EDT" duration-ms="3419" status="PASS">
          <params>
            <param index="0">
              <value>
                <![CDATA["User redirected to "queue" page from "Queue" panel"]]>
              </value>
            </param>
            <param index="1">
              <value>
                <![CDATA["DSOptions"]]>
              </value>
            </param>
          </params>
          <reporter-output>
          </reporter-output>
        </test-method> <!-- runScenario -->
        <test-method signature="runScenario(io.cucumber.testng.PickleWrapper,io.cucumber.testng.FeatureWrapper)[pri:0, instance:testRunner.TestRunner@37911f88]" started-at="2025-04-18T11:19:40 EDT" name="runScenario" description="Runs Cucumber Scenarios" data-provider="scenarios" finished-at="2025-04-18T11:19:43 EDT" duration-ms="3324" status="PASS">
          <params>
            <param index="0">
              <value>
                <![CDATA["User redirected to "tree" page from "Tree" panel"]]>
              </value>
            </param>
            <param index="1">
              <value>
                <![CDATA["DSOptions"]]>
              </value>
            </param>
          </params>
          <reporter-output>
          </reporter-output>
        </test-method> <!-- runScenario -->
        <test-method signature="runScenario(io.cucumber.testng.PickleWrapper,io.cucumber.testng.FeatureWrapper)[pri:0, instance:testRunner.TestRunner@37911f88]" started-at="2025-04-18T11:19:43 EDT" name="runScenario" description="Runs Cucumber Scenarios" data-provider="scenarios" finished-at="2025-04-18T11:19:47 EDT" duration-ms="3495" status="PASS">
          <params>
            <param index="0">
              <value>
                <![CDATA["User redirected to "graph" page from "Graph" panel"]]>
              </value>
            </param>
            <param index="1">
              <value>
                <![CDATA["DSOptions"]]>
              </value>
            </param>
          </params>
          <reporter-output>
          </reporter-output>
        </test-method> <!-- runScenario -->
        <test-method is-config="true" signature="tearDownClass()[pri:0, instance:testRunner.TestRunner@37911f88]" started-at="2025-04-18T11:19:47 EDT" name="tearDownClass" finished-at="2025-04-18T11:19:47 EDT" duration-ms="17" status="PASS">
          <reporter-output>
          </reporter-output>
        </test-method> <!-- tearDownClass -->
      </class> <!-- testRunner.TestRunner -->
    </test> <!-- Default test -->
  </suite> <!-- Default suite -->
</testng-results>
